<?xml version="1.0" encoding="UTF-8"?>
<!-- Generated by org.testng.reporters.JUnitReportReporter -->
<testsuite skipped="0" hostname="DESKTOP-5N2O2MN" name="com.restAssuredDocker.restAssuredDemoTest.EmployeeTest" tests="4" failures="0" timestamp="23 Jun 2019 22:00:57 GMT" time="334.252" errors="0">
  <testcase name="SaveEmployeeTest" time="12.405" classname="com.restAssuredDocker.restAssuredDemoTest.EmployeeTest"/>
  <testcase name="UpdateEmployeeTest" time="111.629" classname="com.restAssuredDocker.restAssuredDemoTest.EmployeeTest"/>
  <testcase name="GetAllEmployees" time="110.038" classname="com.restAssuredDocker.restAssuredDemoTest.EmployeeTest"/>
  <testcase name="DeleteEmployeeById" time="100.180" classname="com.restAssuredDocker.restAssuredDemoTest.EmployeeTest"/>
</testsuite> <!-- com.restAssuredDocker.restAssuredDemoTest.EmployeeTest -->
