<?xml version="1.0" encoding="UTF-8"?>
<!-- Generated by org.testng.reporters.JUnitReportReporter -->
<testsuite skipped="0" hostname="DESKTOP-5N2O2MN" name="com.restAssuredDocker.restAssuredDemoTest.AppTest" tests="1" failures="0" timestamp="23 Jun 2019 22:00:58 GMT" time="0.001" errors="0">
  <testcase name="testApp" time="0.001" classname="com.restAssuredDocker.restAssuredDemoTest.AppTest"/>
</testsuite> <!-- com.restAssuredDocker.restAssuredDemoTest.AppTest -->
